
=== Fri Feb 24 11:54:50 2023

Packages were changed.
Update Mode: mergeDefaultDependencies

The following packages were 已添加:
  com.unity.ide.vscode@1.2.5
  com.unity.modules.ai@1.0.0
  com.unity.modules.androidjni@1.0.0
  com.unity.modules.animation@1.0.0
  com.unity.modules.assetbundle@1.0.0
  com.unity.modules.audio@1.0.0
  com.unity.modules.cloth@1.0.0
  com.unity.modules.director@1.0.0
  com.unity.modules.imageconversion@1.0.0
  com.unity.modules.imgui@1.0.0
  com.unity.modules.jsonserialize@1.0.0
  com.unity.modules.particlesystem@1.0.0
  com.unity.modules.physics@1.0.0
  com.unity.modules.physics2d@1.0.0
  com.unity.modules.screencapture@1.0.0
  com.unity.modules.terrain@1.0.0
  com.unity.modules.terrainphysics@1.0.0
  com.unity.modules.tilemap@1.0.0
  com.unity.modules.ui@1.0.0
  com.unity.modules.uielements@1.0.0
  com.unity.modules.umbra@1.0.0
  com.unity.modules.unityanalytics@1.0.0
  com.unity.modules.unitywebrequest@1.0.0
  com.unity.modules.unitywebrequestassetbundle@1.0.0
  com.unity.modules.unitywebrequestaudio@1.0.0
  com.unity.modules.unitywebrequesttexture@1.0.0
  com.unity.modules.unitywebrequestwww@1.0.0
  com.unity.modules.vehicles@1.0.0
  com.unity.modules.video@1.0.0
  com.unity.modules.vr@1.0.0
  com.unity.modules.wind@1.0.0
  com.unity.modules.xr@1.0.0
The following packages were 已更新:
  com.unity.collab-proxy 从版本 1.17.6 到 2.0.0
  com.unity.ide.rider 从版本 3.0.16 到 3.0.18
  com.unity.ide.visualstudio 从版本 2.0.16 到 2.0.17
  com.unity.visualscripting 从版本 1.7.8 到 1.8.0

=== Fri Feb 24 18:00:51 2023

Packages were changed.
Update Mode: updateDependencies

The following packages were updated:
  com.unity.ide.rider from version 3.0.12 to 3.0.18
  com.unity.ide.visualstudio from version 2.0.14 to 2.0.17
  com.unity.xr.legacyinputhelpers from version 2.1.9 to 2.1.10

=== Fri Feb 24 18:00:52 2023

Packages were changed.
Update Mode: mergeDefaultDependencies

The following packages were added:
  com.unity.2d.sprite@1.0.0
  com.unity.2d.tilemap@1.0.0
  com.unity.xr.legacyinputhelpers@2.1.10

=== Fri Feb 24 18:23:31 2023

Packages were changed.
Update Mode: updateDependencies

The following packages were updated:
  com.unity.ide.rider from version 3.0.12 to 3.0.18
  com.unity.ide.visualstudio from version 2.0.14 to 2.0.17
  com.unity.xr.legacyinputhelpers from version 2.1.9 to 2.1.10

=== Fri Feb 24 18:23:43 2023

Packages were changed.
Update Mode: updateDependencies

The following packages were updated:
  com.unity.ide.rider from version 3.0.12 to 3.0.18
  com.unity.ide.visualstudio from version 2.0.14 to 2.0.17
  com.unity.xr.legacyinputhelpers from version 2.1.9 to 2.1.10

=== Sat Feb 25 09:55:33 2023

Packages were changed.
Update Mode: updateDependencies

The following packages were updated:
  com.unity.ide.rider from version 3.0.12 to 3.0.18
  com.unity.ide.visualstudio from version 2.0.14 to 2.0.17
  com.unity.xr.legacyinputhelpers from version 2.1.9 to 2.1.10

=== Sat Feb 25 09:55:47 2023

Packages were changed.
Update Mode: updateDependencies

The following packages were updated:
  com.unity.ide.rider from version 3.0.12 to 3.0.18
  com.unity.ide.visualstudio from version 2.0.14 to 2.0.17
  com.unity.xr.legacyinputhelpers from version 2.1.9 to 2.1.10

=== Sat Feb 25 09:56:26 2023

Packages were changed.
Update Mode: updateDependencies

The following packages were updated:
  com.unity.ide.rider from version 3.0.12 to 3.0.18
  com.unity.ide.visualstudio from version 2.0.14 to 2.0.17
  com.unity.xr.legacyinputhelpers from version 2.1.9 to 2.1.10

=== Sat Feb 25 09:56:32 2023

Packages were changed.
Update Mode: updateDependencies

The following packages were updated:
  com.unity.ide.rider from version 3.0.12 to 3.0.18
  com.unity.ide.visualstudio from version 2.0.14 to 2.0.17
  com.unity.xr.legacyinputhelpers from version 2.1.9 to 2.1.10

=== Sat Feb 25 09:57:30 2023

Packages were changed.
Update Mode: updateDependencies

The following packages were updated:
  com.unity.ide.rider from version 3.0.12 to 3.0.18
  com.unity.ide.visualstudio from version 2.0.14 to 2.0.17
  com.unity.xr.legacyinputhelpers from version 2.1.9 to 2.1.10

=== Sat Feb 25 09:59:50 2023

Packages were changed.
Update Mode: updateDependencies

The following packages were updated:
  com.unity.ide.rider from version 3.0.12 to 3.0.18
  com.unity.ide.visualstudio from version 2.0.14 to 2.0.17
  com.unity.xr.legacyinputhelpers from version 2.1.9 to 2.1.10

=== Sat Feb 25 10:02:48 2023

Packages were changed.
Update Mode: updateDependencies

The following packages were updated:
  com.unity.ide.rider from version 3.0.12 to 3.0.18
  com.unity.ide.visualstudio from version 2.0.14 to 2.0.17
  com.unity.xr.legacyinputhelpers from version 2.1.9 to 2.1.10

=== Sat Feb 25 10:09:11 2023

Packages were changed.
Update Mode: updateDependencies

The following packages were updated:
  com.unity.ide.rider from version 3.0.12 to 3.0.18
  com.unity.ide.visualstudio from version 2.0.14 to 2.0.17
  com.unity.xr.legacyinputhelpers from version 2.1.9 to 2.1.10

=== Sat Feb 25 10:15:47 2023

Packages were changed.
Update Mode: updateDependencies

The following packages were updated:
  com.unity.ide.rider from version 3.0.12 to 3.0.18
  com.unity.ide.visualstudio from version 2.0.14 to 2.0.17
  com.unity.xr.legacyinputhelpers from version 2.1.9 to 2.1.10

=== Sat Feb 25 10:16:04 2023

Packages were changed.
Update Mode: updateDependencies

The following packages were updated:
  com.unity.ide.rider from version 3.0.12 to 3.0.18
  com.unity.ide.visualstudio from version 2.0.14 to 2.0.17
  com.unity.xr.legacyinputhelpers from version 2.1.9 to 2.1.10

=== Sat Feb 25 10:16:08 2023

Packages were changed.
Update Mode: updateDependencies

The following packages were updated:
  com.unity.ide.rider from version 3.0.12 to 3.0.18
  com.unity.ide.visualstudio from version 2.0.14 to 2.0.17
  com.unity.xr.legacyinputhelpers from version 2.1.9 to 2.1.10

=== Sat Feb 25 10:16:59 2023

Packages were changed.
Update Mode: updateDependencies

The following packages were updated:
  com.unity.ide.rider from version 3.0.12 to 3.0.18
  com.unity.ide.visualstudio from version 2.0.14 to 2.0.17
  com.unity.xr.legacyinputhelpers from version 2.1.9 to 2.1.10

=== Sat Feb 25 10:18:39 2023

Packages were changed.
Update Mode: updateDependencies

The following packages were updated:
  com.unity.ide.rider from version 3.0.12 to 3.0.18
  com.unity.ide.visualstudio from version 2.0.14 to 2.0.17
  com.unity.xr.legacyinputhelpers from version 2.1.9 to 2.1.10

=== Sat Feb 25 10:37:22 2023

Packages were changed.
Update Mode: updateDependencies

The following packages were updated:
  com.unity.ide.rider from version 3.0.12 to 3.0.18
  com.unity.ide.visualstudio from version 2.0.14 to 2.0.17
  com.unity.xr.legacyinputhelpers from version 2.1.9 to 2.1.10
